#
# There is insufficient memory for the Java Runtime Environment to continue.
# Native memory allocation (mmap) failed to map 132120576 bytes for Failed to commit area from 0x0000000082400000 to 0x000000008a200000 of length 132120576.
# Possible reasons:
#   The system is out of physical RAM or swap space
#   The process is running with CompressedOops enabled, and the Java Heap may be blocking the growth of the native heap
# Possible solutions:
#   Reduce memory load on the system
#   Increase physical memory or swap space
#   Check if swap backing store is full
#   Decrease Java heap size (-Xmx/-Xms)
#   Decrease number of Java threads
#   Decrease Java thread stack sizes (-Xss)
#   Set larger code cache with -XX:ReservedCodeCacheSize=
# This output file may be truncated or incomplete.
#
#  Out of Memory Error (./src/hotspot/os/windows/os_windows.cpp:3301), pid=13880, tid=11772
#
# JRE version:  (11.0.11+9) (build )
# Java VM: OpenJDK 64-Bit Server VM (11.0.11+9-b60-7590822, mixed mode, sharing, tiered, compressed oops, g1 gc, windows-amd64)
# No core dump will be written. Minidumps are not enabled by default on client versions of Windows
#

---------------  S U M M A R Y ------------

Command Line: org.jetbrains.git4idea.nativessh.GitNativeSshAskPassApp Enter passphrase for key '/c/Users/user/.ssh/id_rsa': 

Host: Intel(R) Core(TM) i5-8265U CPU @ 1.60GHz, 8 cores, 7G,  Windows 10 , 64 bit Build 19041 (10.0.19041.1566)
Time: Mon Apr  4 21:46:50 2022 RTZ 2 (зима) elapsed time: 0.039152 seconds (0d 0h 0m 0s)

---------------  T H R E A D  ---------------

Current thread (0x00000154f673e800):  JavaThread "Unknown thread" [_thread_in_vm, id=11772, stack(0x00000040ee900000,0x00000040eea00000)]

Stack: [0x00000040ee900000,0x00000040eea00000]
Native frames: (J=compiled Java code, j=interpreted, Vv=VM code, C=native code)
V  [jvm.dll+0x5f214a]
V  [jvm.dll+0x726fb5]
V  [jvm.dll+0x7285cd]
V  [jvm.dll+0x728c83]
V  [jvm.dll+0x243278]
V  [jvm.dll+0x5ef544]
V  [jvm.dll+0x5e4495]
V  [jvm.dll+0x2fec5b]
V  [jvm.dll+0x2febca]
V  [jvm.dll+0x2feaa2]
V  [jvm.dll+0x303986]
V  [jvm.dll+0x34c3a3]
V  [jvm.dll+0x34caa6]
V  [jvm.dll+0x34c4a3]
V  [jvm.dll+0x2d9688]
V  [jvm.dll+0x2da837]
V  [jvm.dll+0x705ba7]
V  [jvm.dll+0x70739c]
V  [jvm.dll+0x3598f9]
V  [jvm.dll+0x6e931e]
V  [jvm.dll+0x3c1c43]
V  [jvm.dll+0x3c3e81]
C  [jli.dll+0x5373]
C  [ucrtbase.dll+0x21bb2]
C  [KERNEL32.DLL+0x17034]
C  [ntdll.dll+0x52651]


---------------  P R O C E S S  ---------------

Threads class SMR info:
_java_thread_list=0x00000154f469ec10, length=0, elements={
}

Java Threads: ( => current thread )

Other Threads:
  0x00000154f6756800 GCTaskThread "GC Thread#0" [stack: 0x00000040eea00000,0x00000040eeb00000] [id=11136]
  0x00000154f6788800 ConcurrentGCThread "G1 Main Marker" [stack: 0x00000040eeb00000,0x00000040eec00000] [id=14396]
  0x00000154f678d000 ConcurrentGCThread "G1 Conc#0" [stack: 0x00000040eec00000,0x00000040eed00000] [id=8356]

[error occurred during error reporting (printing all threads), id 0xc0000005, EXCEPTION_ACCESS_VIOLATION (0xc0000005) at pc=0x00007ffb13b09c47]

VM state:not at safepoint (not fully initialized)

VM Mutex/Monitor currently owned by a thread:  ([mutex/lock_event])
[0x00000154f673b6f0] Heap_lock - owner thread: 0x00000154f673e800

Heap address: 0x0000000082400000, size: 2012 MB, Compressed Oops mode: Non-zero based: 0x0000000082400000
Narrow klass base: 0x0000000000000000, Narrow klass shift: 0

GC Heap History (0 events):
No events

Deoptimization events (0 events):
No events

Classes redefined (0 events):
No events

Internal exceptions (0 events):
No events

Events (1 events):
Event: 0.020 Loaded shared library D:\AndroidStudio\jre\bin\zip.dll


Dynamic libraries:
0x00007ff66f0f0000 - 0x00007ff66f0fa000 	D:\AndroidStudio\jre\bin\java.exe
0x00007ffb63830000 - 0x00007ffb63a25000 	C:\Windows\SYSTEM32\ntdll.dll
0x00007ffb2a4d0000 - 0x00007ffb2a4e6000 	C:\Program Files\AVAST Software\Avast\aswhook.dll
0x00007ffb61ff0000 - 0x00007ffb620ae000 	C:\Windows\System32\KERNEL32.DLL
0x00007ffb61120000 - 0x00007ffb613e8000 	C:\Windows\System32\KERNELBASE.dll
0x00007ffb61550000 - 0x00007ffb61650000 	C:\Windows\System32\ucrtbase.dll
0x00007ffb55b70000 - 0x00007ffb55b87000 	D:\AndroidStudio\jre\bin\VCRUNTIME140.dll
0x00007ffb55ac0000 - 0x00007ffb55ad9000 	D:\AndroidStudio\jre\bin\jli.dll
0x00007ffb62aa0000 - 0x00007ffb62c40000 	C:\Windows\System32\USER32.dll
0x00007ffb61650000 - 0x00007ffb61672000 	C:\Windows\System32\win32u.dll
0x00007ffb61d30000 - 0x00007ffb61d5b000 	C:\Windows\System32\GDI32.dll
0x00007ffb60f80000 - 0x00007ffb6108b000 	C:\Windows\System32\gdi32full.dll
0x00007ffb613f0000 - 0x00007ffb6148d000 	C:\Windows\System32\msvcp_win.dll
0x00007ffb44590000 - 0x00007ffb4482a000 	C:\Windows\WinSxS\amd64_microsoft.windows.common-controls_6595b64144ccf1df_6.0.19041.1110_none_60b5254171f9507e\COMCTL32.dll
0x00007ffb61f40000 - 0x00007ffb61fde000 	C:\Windows\System32\msvcrt.dll
0x00007ffb62a70000 - 0x00007ffb62aa0000 	C:\Windows\System32\IMM32.DLL
0x00007ffb1eef0000 - 0x00007ffb1ef8d000 	D:\AndroidStudio\jre\bin\msvcp140.dll
0x00007ffb13820000 - 0x00007ffb142f5000 	D:\AndroidStudio\jre\bin\server\jvm.dll
0x00007ffb636e0000 - 0x00007ffb6378e000 	C:\Windows\System32\ADVAPI32.dll
0x00007ffb61dc0000 - 0x00007ffb61e5c000 	C:\Windows\System32\sechost.dll
0x00007ffb619c0000 - 0x00007ffb61ae5000 	C:\Windows\System32\RPCRT4.dll
0x00007ffb61fe0000 - 0x00007ffb61fe8000 	C:\Windows\System32\PSAPI.DLL
0x00007ffb482f0000 - 0x00007ffb482f9000 	C:\Windows\SYSTEM32\WSOCK32.dll
0x00007ffb5b240000 - 0x00007ffb5b267000 	C:\Windows\SYSTEM32\WINMM.dll
0x00007ffb566f0000 - 0x00007ffb566fa000 	C:\Windows\SYSTEM32\VERSION.dll
0x00007ffb62980000 - 0x00007ffb629eb000 	C:\Windows\System32\WS2_32.dll
0x00007ffb5f840000 - 0x00007ffb5f852000 	C:\Windows\SYSTEM32\kernel.appcore.dll
0x00007ffb517b0000 - 0x00007ffb517c1000 	D:\AndroidStudio\jre\bin\verify.dll
0x00007ffb5bd10000 - 0x00007ffb5bef4000 	C:\Windows\SYSTEM32\DBGHELP.DLL
0x00007ffb550e0000 - 0x00007ffb5510c000 	C:\Windows\SYSTEM32\dbgcore.DLL
0x00007ffb61090000 - 0x00007ffb61112000 	C:\Windows\System32\bcryptPrimitives.dll
0x00007ffb51780000 - 0x00007ffb517a9000 	D:\AndroidStudio\jre\bin\java.dll
0x00007ffb58210000 - 0x00007ffb5821b000 	D:\AndroidStudio\jre\bin\jimage.dll
0x00007ffb51760000 - 0x00007ffb51778000 	D:\AndroidStudio\jre\bin\zip.dll

dbghelp: loaded successfully - version: 4.0.5 - missing functions: none
symbol engine: initialized successfully - sym options: 0x614 - pdb path: .;D:\AndroidStudio\jre\bin;C:\Windows\SYSTEM32;C:\Program Files\AVAST Software\Avast;C:\Windows\WinSxS\amd64_microsoft.windows.common-controls_6595b64144ccf1df_6.0.19041.1110_none_60b5254171f9507e;D:\AndroidStudio\jre\bin\server

VM Arguments:
java_command: org.jetbrains.git4idea.nativessh.GitNativeSshAskPassApp Enter passphrase for key '/c/Users/user/.ssh/id_rsa': 
java_class_path (initial): D:/AndroidStudio/plugins/git4idea/lib/git4idea-rt.jar;D:/AndroidStudio/lib/xmlrpc-2.0.1.jar;D:/AndroidStudio/lib/commons-codec-1.15.jar
Launcher Type: SUN_STANDARD

[Global flags]
     intx CICompilerCount                          = 4                                         {product} {ergonomic}
     uint ConcGCThreads                            = 2                                         {product} {ergonomic}
     uint G1ConcRefinementThreads                  = 8                                         {product} {ergonomic}
   size_t G1HeapRegionSize                         = 1048576                                   {product} {ergonomic}
    uintx GCDrainStackTargetSize                   = 64                                        {product} {ergonomic}
   size_t InitialHeapSize                          = 132120576                                 {product} {ergonomic}
   size_t MarkStackSize                            = 4194304                                   {product} {ergonomic}
   size_t MaxHeapSize                              = 2109734912                                {product} {ergonomic}
   size_t MinHeapDeltaBytes                        = 1048576                                   {product} {ergonomic}
    uintx NonNMethodCodeHeapSize                   = 5836300                                {pd product} {ergonomic}
    uintx NonProfiledCodeHeapSize                  = 122910970                              {pd product} {ergonomic}
    uintx ProfiledCodeHeapSize                     = 122910970                              {pd product} {ergonomic}
    uintx ReservedCodeCacheSize                    = 251658240                              {pd product} {ergonomic}
     bool SegmentedCodeCache                       = true                                      {product} {ergonomic}
     bool UseCompressedClassPointers               = true                                 {lp64_product} {ergonomic}
     bool UseCompressedOops                        = true                                 {lp64_product} {ergonomic}
     bool UseG1GC                                  = true                                      {product} {ergonomic}
     bool UseLargePagesIndividualAllocation        = false                                  {pd product} {ergonomic}

Logging:
Log output configuration:
 #0: stdout all=warning uptime,level,tags
 #1: stderr all=off uptime,level,tags

Environment Variables:
PATH=C:\Program Files\Git\mingw64\libexec\git-core;C:\Program Files\Git\mingw64\bin;C:\Program Files\Git\usr\bin;C:\Users\user\bin;C:\Windows\system32;C:\Windows;C:\Windows\System32\Wbem;C:\Windows\System32\WindowsPowerShell\v1.0;C:\Windows\System32\OpenSSH;C:\Program Files\Git\cmd;C:\Users\user\AppData\Local\Microsoft\WindowsApps
USERNAME=user
DISPLAY=:0.0
LC_ALL=en_US.UTF-8
OS=Windows_NT
PROCESSOR_IDENTIFIER=Intel64 Family 6 Model 142 Stepping 12, GenuineIntel



---------------  S Y S T E M  ---------------

OS: Windows 10 , 64 bit Build 19041 (10.0.19041.1566)
OS uptime: 2 days 10:13 hours

CPU:total 8 (initial active 8) (4 cores per cpu, 2 threads per core) family 6 model 142 stepping 12 microcode 0xb8, cmov, cx8, fxsr, mmx, sse, sse2, sse3, ssse3, sse4.1, sse4.2, popcnt, avx, avx2, aes, clmul, erms, 3dnowpref, lzcnt, ht, tsc, tscinvbit, bmi1, bmi2, adx, fma

Memory: 4k page, system-wide physical 8043M (256M free)
TotalPageFile size 15694M (AvailPageFile size 97M)
current process WorkingSet (physical memory assigned to process): 10M, peak: 10M
current process commit charge ("private bytes"): 60M, peak: 186M

vm_info: OpenJDK 64-Bit Server VM (11.0.11+9-b60-7590822) for windows-amd64 JRE (11.0.11+9-b60-7590822), built on Jul 29 2021 21:43:44 by "builder" with MS VC++ 14.0 (VS2015)

END.
